<?xml version="1.0" encoding="UTF-8"?>
<testsuite xmlns:xsi="http://www.w3.org/2001/XMLSchema-instance" xsi:noNamespaceSchemaLocation="https://maven.apache.org/surefire/maven-surefire-plugin/xsd/surefire-test-report.xsd" version="3.0.2" name="com.example.usermanagement.UserManagementApplicationTests" time="4.99" tests="1" errors="0" skipped="0" failures="0">
  <properties>
[...]
</properties>
  <testcase name="contextLoads" classname="com.example.usermanagement.UserManagementApplicationTests" time="0.02">
    <system-out><![CDATA[18:33:20.805 [main] INFO org.springframework.test.context.support.AnnotationConfigContextLoaderUtils -- Could not detect default configuration classes for test class [com.example.usermanagement.UserManagementApplicationTests]: UserManagementApplicationTests does not declare any static, non-private, non-final, nested classes annotated with @Configuration.
18:33:20.943 [main] INFO org.springframework.boot.test.context.SpringBootTestContextBootstrapper -- Found @SpringBootConfiguration com.example.usermanagement.UserManagementApplication for test class com.example.usermanagement.UserManagementApplicationTests
18:33:21.120 [main] INFO org.springframework.boot.devtools.restart.RestartApplicationListener -- Restart disabled due to context in which it is running

  .   ____          _            __ _ _
 /\\ / ___'_ __ _ _(_)_ __  __ _ \ \ \ \
( ( )\___ | '_ | '_| | '_ \/ _` | \ \ \ \
 \\/  ___)| |_)| | | | | || (_| |  ) ) ) )
  '  |____| .__|_| |_|_| |_\__, | / / / /
 =========|_|==============|___/=/_/_/_/

 :: Spring Boot ::                (v3.4.2)

2025-02-03T18:33:21.438+05:30  INFO 11036 --- [user-management] [           main] c.e.u.UserManagementApplicationTests     : Starting UserManagementApplicationTests using Java 17.0.10 with PID 11036 (started by ADMIN in E:\SpringBoot-WorkSpace\PoppyAI\user-management)
2025-02-03T18:33:21.440+05:30  INFO 11036 --- [user-management] [           main] c.e.u.UserManagementApplicationTests     : No active profile set, falling back to 1 default profile: "default"
2025-02-03T18:33:22.304+05:30  INFO 11036 --- [user-management] [           main] .s.d.r.c.RepositoryConfigurationDelegate : Bootstrapping Spring Data JPA repositories in DEFAULT mode.
2025-02-03T18:33:22.371+05:30  INFO 11036 --- [user-management] [           main] .s.d.r.c.RepositoryConfigurationDelegate : Finished Spring Data repository scanning in 54 ms. Found 1 JPA repository interface.
2025-02-03T18:33:22.944+05:30  INFO 11036 --- [user-management] [           main] o.hibernate.jpa.internal.util.LogHelper  : HHH000204: Processing PersistenceUnitInfo [name: default]
2025-02-03T18:33:23.016+05:30  INFO 11036 --- [user-management] [           main] org.hibernate.Version                    : HHH000412: Hibernate ORM core version 6.6.5.Final
2025-02-03T18:33:23.057+05:30  INFO 11036 --- [user-management] [           main] o.h.c.internal.RegionFactoryInitiator    : HHH000026: Second-level cache disabled
2025-02-03T18:33:23.188+05:30  INFO 11036 --- [user-management] [           main] o.s.o.j.p.SpringPersistenceUnitInfo      : No LoadTimeWeaver setup: ignoring JPA class transformer
2025-02-03T18:33:23.230+05:30  INFO 11036 --- [user-management] [           main] com.zaxxer.hikari.HikariDataSource       : HikariPool-1 - Starting...
2025-02-03T18:33:23.452+05:30  INFO 11036 --- [user-management] [           main] com.zaxxer.hikari.pool.HikariPool        : HikariPool-1 - Added connection conn0: url=jdbc:h2:mem:userdb user=SA
2025-02-03T18:33:23.454+05:30  INFO 11036 --- [user-management] [           main] com.zaxxer.hikari.HikariDataSource       : HikariPool-1 - Start completed.
2025-02-03T18:33:23.512+05:30  INFO 11036 --- [user-management] [           main] org.hibernate.orm.connections.pooling    : HHH10001005: Database info:
	Database JDBC URL [Connecting through datasource 'HikariDataSource (HikariPool-1)']
	Database driver: undefined/unknown
	Database version: 2.3.232
	Autocommit mode: undefined/unknown
	Isolation level: undefined/unknown
	Minimum pool size: undefined/unknown
	Maximum pool size: undefined/unknown
2025-02-03T18:33:24.100+05:30  INFO 11036 --- [user-management] [           main] o.h.e.t.j.p.i.JtaPlatformInitiator       : HHH000489: No JTA platform available (set 'hibernate.transaction.jta.platform' to enable JTA platform integration)
Hibernate: drop table if exists "user" cascade 
Hibernate: create table "user" (id bigint generated by default as identity, country varchar(255), email varchar(255) unique, gender varchar(255), ip_address varchar(255), name varchar(255), password varchar(255), role varchar(255), primary key (id))
2025-02-03T18:33:24.144+05:30  INFO 11036 --- [user-management] [           main] j.LocalContainerEntityManagerFactoryBean : Initialized JPA EntityManagerFactory for persistence unit 'default'
2025-02-03T18:33:24.723+05:30  WARN 11036 --- [user-management] [           main] JpaBaseConfiguration$JpaWebConfiguration : spring.jpa.open-in-view is enabled by default. Therefore, database queries may be performed during view rendering. Explicitly configure spring.jpa.open-in-view to disable this warning
2025-02-03T18:33:24.766+05:30  INFO 11036 --- [user-management] [           main] eAuthenticationProviderManagerConfigurer : Global AuthenticationManager configured with AuthenticationProvider bean with name authenticationProvider
2025-02-03T18:33:24.767+05:30  WARN 11036 --- [user-management] [           main] r$InitializeUserDetailsManagerConfigurer : Global AuthenticationManager configured with an AuthenticationProvider bean. UserDetailsService beans will not be used by Spring Security for automatically configuring username/password login. Consider removing the AuthenticationProvider bean. Alternatively, consider using the UserDetailsService in a manually instantiated DaoAuthenticationProvider. If the current configuration is intentional, to turn off this warning, increase the logging level of 'org.springframework.security.config.annotation.authentication.configuration.InitializeUserDetailsBeanManagerConfigurer' to ERROR
2025-02-03T18:33:25.346+05:30  INFO 11036 --- [user-management] [           main] o.s.v.b.OptionalValidatorFactoryBean     : Failed to set up a Bean Validation provider: jakarta.validation.NoProviderFoundException: Unable to create a Configuration, because no Jakarta Bean Validation provider could be found. Add a provider like Hibernate Validator (RI) to your classpath.
2025-02-03T18:33:25.546+05:30  INFO 11036 --- [user-management] [           main] o.s.b.a.h2.H2ConsoleAutoConfiguration    : H2 console available at '/h2-console'. Database available at 'jdbc:h2:mem:userdb'
2025-02-03T18:33:25.621+05:30  INFO 11036 --- [user-management] [           main] c.e.u.UserManagementApplicationTests     : Started UserManagementApplicationTests in 4.511 seconds (process running for 7.957)
]]></system-out>
  </testcase>
</testsuite>